<?xml version="1.0" encoding="UTF-8"?>
<testng-results ignored="0" total="1" passed="1" failed="0" skipped="0">
  <reporter-output>
  </reporter-output>
  <suite started-at="2026-07-02T19:39:42 IST" name="LoginSuite" finished-at="2026-07-02T19:39:52 IST" duration-ms="9745">
    <groups>
    </groups>
    <test started-at="2026-07-02T19:39:42 IST" name="LoginTests" finished-at="2026-07-02T19:39:52 IST" duration-ms="9745">
      <class name="tests.LoginTest">
        <test-method is-config="true" signature="setUp()[pri:0, instance:tests.LoginTest@689604d9]" started-at="2026-07-02T19:39:42 IST" name="setUp" finished-at="2026-07-02T19:39:49 IST" duration-ms="7149" status="PASS">
          <reporter-output>
          </reporter-output>
        </test-method> <!-- setUp -->
        <test-method signature="testVAlidLogin()[pri:0, instance:tests.LoginTest@689604d9]" started-at="2026-07-02T19:39:49 IST" name="testVAlidLogin" finished-at="2026-07-02T19:39:52 IST" duration-ms="2544" status="PASS">
          <reporter-output>
          </reporter-output>
        </test-method> <!-- testVAlidLogin -->
        <test-method is-config="true" signature="tearDown()[pri:0, instance:tests.LoginTest@689604d9]" started-at="2026-07-02T19:39:52 IST" name="tearDown" finished-at="2026-07-02T19:39:52 IST" duration-ms="1" status="PASS">
          <reporter-output>
          </reporter-output>
        </test-method> <!-- tearDown -->
      </class> <!-- tests.LoginTest -->
    </test> <!-- LoginTests -->
  </suite> <!-- LoginSuite -->
</testng-results>
