<?xml version="1.0" encoding="UTF-8"?>
<testng-results ignored="0" total="1" passed="1" failed="0" skipped="0">
  <reporter-output>
  </reporter-output>
  <suite started-at="2026-07-09T22:16:26 IST" name="Default suite" finished-at="2026-07-09T22:16:32 IST" duration-ms="6797">
    <groups>
    </groups>
    <test started-at="2026-07-09T22:16:26 IST" name="Default test" finished-at="2026-07-09T22:16:32 IST" duration-ms="6797">
      <class name="tests.LoginTest">
        <test-method is-config="true" signature="setupReport()[pri:0, instance:tests.LoginTest@2a5c8d3f]" started-at="2026-07-09T22:16:25 IST" name="setupReport" finished-at="2026-07-09T22:16:26 IST" duration-ms="371" status="PASS">
          <reporter-output>
          </reporter-output>
        </test-method> <!-- setupReport -->
        <test-method is-config="true" signature="setUp()[pri:0, instance:tests.LoginTest@2a5c8d3f]" started-at="2026-07-09T22:16:26 IST" name="setUp" finished-at="2026-07-09T22:16:29 IST" duration-ms="3443" status="PASS">
          <reporter-output>
          </reporter-output>
        </test-method> <!-- setUp -->
        <test-method signature="testVAlidLogin()[pri:0, instance:tests.LoginTest@2a5c8d3f]" started-at="2026-07-09T22:16:29 IST" name="testVAlidLogin" finished-at="2026-07-09T22:16:32 IST" duration-ms="2992" status="PASS">
          <reporter-output>
          </reporter-output>
        </test-method> <!-- testVAlidLogin -->
        <test-method is-config="true" signature="tearDown(org.testng.ITestResult)[pri:0, instance:tests.LoginTest@2a5c8d3f]" started-at="2026-07-09T22:16:32 IST" name="tearDown" finished-at="2026-07-09T22:16:32 IST" duration-ms="296" status="PASS">
          <params>
            <param index="0">
              <value>
                <![CDATA[[TestResult name=testVAlidLogin status=SUCCESS method=LoginTest.testVAlidLogin()[pri:0, instance:tests.LoginTest@2a5c8d3f] output={null}]]]>
              </value>
            </param>
          </params>
          <reporter-output>
          </reporter-output>
        </test-method> <!-- tearDown -->
        <test-method is-config="true" signature="teardownReport()[pri:0, instance:tests.LoginTest@2a5c8d3f]" started-at="2026-07-09T22:16:32 IST" name="teardownReport" finished-at="2026-07-09T22:16:33 IST" duration-ms="353" status="PASS">
          <reporter-output>
          </reporter-output>
        </test-method> <!-- teardownReport -->
      </class> <!-- tests.LoginTest -->
    </test> <!-- Default test -->
  </suite> <!-- Default suite -->
</testng-results>
