<?xml version="1.0" encoding="UTF-8"?>
<!-- Generated by org.testng.reporters.JUnitXMLReporter -->
<testsuite ignored="0" hostname="LAPTOP-ACSUI5J4" failures="1" tests="1" name="LoginTests" time="3.669" errors="0" timestamp="2026-07-07T23:25:15 IST">
  <testcase classname="tests.LoginTest" name="testVAlidLogin" time="0.496">
    <failure type="java.lang.AssertionError" message="expected [Just a moment...] but found [nopCommerce demo store. Login]">
      <![CDATA[java.lang.AssertionError: expected [Just a moment...] but found [nopCommerce demo store. Login]
at tests.LoginTest.testVAlidLogin(LoginTest.java:69)
at java.base/java.util.ArrayList.forEach(ArrayList.java:1596)
... Removed 31 stack frames]]>
    </failure>
  </testcase> <!-- testVAlidLogin -->
</testsuite> <!-- LoginTests -->
